Vivado Simulator 2020.1
Time resolution is 1 ps
                  10 =                    9
                  10 =                    0
                   9 =                    9
                   9 =                    0
                   8 =                    9
                   8 =                    0
                   7 =                    9
                   7 =                    0
                   6 =                    9
                   6 =                    0
                   5 =                    9
                   5 =                    0
                   4 =                    9
                   4 =                    0
                   3 =                    9
                   3 =                    0
                   2 =                    9
                   2 =                    0
                   1 =                    9
                   1 =                    0
                   0 =                    9
                   0 =                    0
                   0 =                    0
                   0 =                   11
                   1 =                    9
                   1 =                   11
                   2 =                    9
                   2 =                   11
                   3 =                    9
                   3 =                   11
                   4 =                    9
                   4 =                   11
                   5 =                    9
                   5 =                   11
                   6 =                    9
                   6 =                   11
                   7 =                    9
                   7 =                   11
                   8 =                    9
                   8 =                   11
                   9 =                    9
                   9 =                   11
                  10 =                    9
                  10 =                   11
                  11 =                    9
                  11 =                   11
